2022-07-12 17:55:36,950:Using Single Dataset Mode
2022-07-12 17:55:42,047:Using Comparison Mode
2022-07-12 17:55:59,280:Using Single Dataset Mode
2022-07-12 17:56:23,348:Using Comparison Mode
2022-07-12 17:57:35,267:Using Comparison Mode
2022-07-12 17:57:37,317:Using Single Dataset Mode
2022-07-12 17:57:39,000:Using Single Dataset Mode
2022-07-12 18:08:57,710:Using Single Dataset Mode
2022-07-12 19:19:04,997:Using Single Dataset Mode
2022-07-12 19:56:39,576:Using Single Dataset Mode
2022-07-12 19:57:13,271:Using Single Dataset Mode
2022-07-12 19:57:18,011:Using Single Dataset Mode
2022-07-12 20:00:01,046:Using Single Dataset Mode
2022-07-12 21:48:23,873:Using Single Dataset Mode
2022-07-12 21:48:53,374:Using Single Dataset Mode
2022-07-13 00:29:33,523:Using Single Dataset Mode
2022-07-13 08:30:04,855:Using Single Dataset Mode
2022-07-13 11:28:21,477:Using Single Dataset Mode
2022-07-13 11:29:41,836:Using Single Dataset Mode
2022-07-13 11:31:09,619:Using Single Dataset Mode
2022-07-13 14:10:46,936:Using Single Dataset Mode
2022-07-13 16:58:17,339:Using Single Dataset Mode
2022-07-13 19:22:21,373:Using Single Dataset Mode
2022-07-13 19:33:42,437:Using Single Dataset Mode
2022-07-13 19:38:07,667:Using Single Dataset Mode
2022-07-14 10:30:06,620:Using Single Dataset Mode
2022-07-14 19:31:43,762:Using Single Dataset Mode
2022-07-15 09:00:16,177:Using Single Dataset Mode
2022-07-15 11:56:53,644:Using Single Dataset Mode
2022-07-18 19:19:20,482:Using Single Dataset Mode
2022-07-18 19:19:20,489:Using cache
2022-07-18 19:19:23,366:Using Single Dataset Mode
2022-07-18 19:19:28,592:Using Comparison Mode
2022-07-18 19:19:30,364:Using Comparison Mode
2022-07-18 19:19:31,498:Using Single Dataset Mode
2022-07-18 19:19:32,239:Using Single Dataset Mode
2022-07-19 16:42:37,873:Using Single Dataset Mode
2022-07-19 16:42:37,873:Using Single Dataset Mode
2022-07-19 16:42:37,940:Using Single Dataset Mode
2022-07-19 16:42:37,940:Using Single Dataset Mode
2022-07-19 16:42:38,155:Using Single Dataset Mode
2022-07-19 16:42:38,155:Using Single Dataset Mode
2022-07-19 16:43:48,588:Using Comparison Mode
2022-07-19 16:43:48,588:Using Comparison Mode
2022-07-19 16:43:49,982:Using Comparison Mode
2022-07-19 16:43:49,982:Using Comparison Mode
2022-07-19 16:43:50,894:Using Single Dataset Mode
2022-07-19 16:43:50,894:Using Single Dataset Mode
2022-07-19 16:43:51,472:Using Single Dataset Mode
2022-07-19 16:43:51,472:Using Single Dataset Mode
2022-07-19 17:01:16,608:Using Single Dataset Mode
2022-07-19 17:01:16,622:Using cache
2022-07-19 17:01:25,273:Using Single Dataset Mode
2022-07-19 17:02:08,761:Using Single Dataset Mode
2022-07-19 17:04:06,714:Using Comparison Mode
2022-07-19 17:04:11,718:Using Comparison Mode
2022-07-19 17:04:11,725:Using cache
2022-07-19 17:04:18,115:Using Single Dataset Mode
2022-07-19 17:04:19,577:Using Single Dataset Mode
2022-07-19 17:04:51,903:Using Comparison Mode
2022-07-19 17:04:53,959:Using Comparison Mode
2022-07-19 17:04:59,164:Using Comparison Mode
2022-07-19 17:05:04,031:Using Comparison Mode
2022-07-19 17:05:04,039:Using cache
2022-07-19 17:10:36,203:Using Comparison Mode
2022-07-19 17:15:07,869:Using Comparison Mode
2022-07-19 17:15:24,039:Using Comparison Mode
2022-07-19 17:15:40,106:Using Comparison Mode
2022-07-19 17:16:04,365:Using Comparison Mode
2022-07-19 17:16:38,680:Using Comparison Mode
2022-07-19 17:16:54,380:Using Comparison Mode
2022-07-19 17:17:04,991:Using Comparison Mode
2022-07-19 17:19:10,042:Using Single Dataset Mode
2022-07-19 17:19:38,244:Using Single Dataset Mode
2022-07-19 17:19:40,721:Using Single Dataset Mode
2022-07-19 17:20:47,857:Using Single Dataset Mode
2022-07-19 17:22:59,110:Using Single Dataset Mode
2022-07-19 17:23:43,476:Using Single Dataset Mode
2022-07-19 17:27:00,547:Using Single Dataset Mode
2022-07-19 17:27:15,731:Using Single Dataset Mode
2022-07-19 17:31:51,524:Using Single Dataset Mode
2022-07-19 17:32:01,157:Using Single Dataset Mode
2022-07-19 17:32:07,596:Using Single Dataset Mode
2022-07-19 17:32:42,103:Using Single Dataset Mode
2022-07-19 17:32:52,841:Using Single Dataset Mode
2022-07-19 17:33:03,927:Using Single Dataset Mode
2022-07-19 17:33:10,589:Using Single Dataset Mode
2022-07-19 17:34:41,487:Using Comparison Mode
2022-07-19 17:34:48,827:Using Single Dataset Mode
2022-07-19 17:35:18,200:Using Single Dataset Mode
2022-07-19 17:36:03,066:Using Single Dataset Mode
2022-07-19 17:37:27,235:Using Single Dataset Mode
2022-07-19 17:37:38,741:Using Single Dataset Mode
2022-07-19 17:53:16,490:Using Single Dataset Mode
2022-07-19 17:53:16,497:Using cache
2022-07-19 17:53:24,716:Using Single Dataset Mode
2022-07-19 17:53:24,722:Using cache
2022-07-19 17:55:09,311:Using Single Dataset Mode
2022-07-19 17:56:00,288:Using Single Dataset Mode
2022-07-19 17:56:07,562:Using Single Dataset Modre
2022-07-19 17:56:30,830:Using Single Dataset Modre
2022-07-19 17:56:51,313:Using Single Dataset Modre
2022-07-19 17:57:25,057:Using Single Dataset Modre
2022-07-19 17:58:37,958:Using Single Dataset Modre
2022-07-19 18:00:13,060:Using Single Dataset Modre
2022-07-19 18:00:15,225:Using Single Dataset Modre
2022-07-19 18:00:15,232:Using cache
2022-07-19 18:00:16,073:Using Single Dataset Modre
2022-07-19 18:00:17,255:Using Single Dataset Modre
2022-07-19 18:00:55,284:Using Single Dataset Modre
2022-07-19 18:02:33,398:Using Single Dataset Modre
2022-07-19 18:03:58,294:Using Single Dataset Modre
2022-07-19 18:03:58,299:Using cache
2022-07-19 18:04:58,366:Using Single Dataset Modre
2022-07-19 18:04:58,371:Using cache
2022-07-19 18:05:55,125:Using Single Dataset Modre
2022-07-19 18:05:55,133:Using cache
2022-07-19 18:06:27,932:Using Single Dataset Modre
2022-07-19 18:06:27,938:Using cache
2022-07-19 18:09:57,770:Using Single Dataset Modre
2022-07-19 18:11:05,083:Using Single Dataset Modre
2022-07-19 18:11:17,282:Using Single Dataset Modre
2022-07-19 18:11:25,610:Using Single Dataset Modre
2022-07-19 18:11:25,616:Using cache
2022-07-19 18:11:45,455:Using Single Dataset Modre
2022-07-19 18:36:35,838:Using Single Dataset Modre
2022-07-19 18:36:37,433:Using Single Dataset Modre
2022-07-19 18:36:38,699:Using Single Dataset Modre
2022-07-19 18:40:36,398:Using Single Dataset Modre
2022-07-19 19:34:22,150:Using Single Dataset Modre
2022-07-19 19:34:22,159:Using cache
2022-07-19 19:34:25,100:Using Single Dataset Modre
2022-07-19 19:34:25,106:Using cache
2022-07-19 19:34:26,985:Using Single Dataset Modre
2022-07-19 19:34:28,402:Using Single Dataset Modre
2022-07-19 20:16:16,486:Using Single Dataset Modre
2022-07-19 20:16:18,266:Using Single Dataset Modre
2022-07-19 20:16:19,052:Using Single Dataset Modre
2022-07-19 23:17:42,799:Using Single Dataset Modre
2022-07-19 23:17:44,469:Using Single Dataset Modre
2022-07-19 23:17:44,860:Using Single Dataset Modre
2022-07-20 08:30:03,735:Using Single Dataset Modre
2022-07-20 08:30:09,289:Using Single Dataset Modre
2022-07-20 14:42:53,868:Using Single Dataset Modre
2022-07-20 14:45:32,455:Using Single Dataset Modre
2022-07-20 18:32:31,993:Using Single Dataset Modre
2022-07-20 20:31:23,851:Using Single Dataset Modre
2022-07-21 09:00:03,464:Using Single Dataset Modre
2022-07-21 15:02:21,263:Using Single Dataset Mode
2022-07-21 15:45:44,199:Using Single Dataset Mode
2022-07-21 15:45:44,204:Using cache
2022-07-21 15:45:45,329:Missing a cache for zipf
2022-07-21 18:35:24,205:Using Single Dataset Mode
2022-07-22 06:39:19,423:Using Single Dataset Mode
2022-07-22 09:45:02,987:Using Single Dataset Mode
2022-07-22 11:17:23,909:Using Single Dataset Mode
2022-07-22 16:09:10,461:Using Single Dataset Mode
2022-07-22 18:40:00,718:Using Single Dataset Mode
2022-07-24 16:10:42,995:Using Single Dataset Mode
2022-07-24 16:10:48,465:Using Single Dataset Mode
2022-07-24 16:18:58,922:Using Single Dataset Mode
2022-07-25 11:07:02,279:Using Single Dataset Mode
2022-07-25 11:35:48,014:Using Single Dataset Mode
2022-07-25 11:35:48,021:Using cache
2022-07-25 11:35:49,182:Missing a cache for zipf
2022-07-25 11:37:06,632:Using Single Dataset Mode
2022-07-25 11:37:40,647:Using Single Dataset Mode
2022-07-25 11:37:46,392:Using Comparison Mode
2022-07-25 11:37:48,629:Using Single Dataset Mode
2022-07-25 11:38:40,186:Using Single Dataset Mode
2022-07-25 11:38:53,246:Using Single Dataset Mode
2022-07-25 11:38:53,261:Using cache
2022-07-25 12:03:56,518:Using Single Dataset Mode
2022-07-25 12:03:56,645:Using cache
2022-07-25 17:41:12,784:Missing a cache for zipf
2022-07-25 18:04:34,938:Missing a cache for zipf
2022-07-25 20:30:48,851:Using Single Dataset Mode
2022-07-25 20:31:40,543:Using Single Dataset Mode
2022-07-25 20:34:34,896:Using Single Dataset Mode
2022-07-25 20:35:04,478:Using Single Dataset Mode
2022-07-25 20:35:20,455:Using Single Dataset Mode
2022-07-25 20:36:01,221:Using Single Dataset Mode
2022-07-25 20:36:08,708:Using Single Dataset Mode
2022-07-25 20:36:35,593:Using Single Dataset Mode
2022-07-25 20:38:40,040:Using Single Dataset Mode
2022-07-25 20:39:06,069:Using Single Dataset Mode
2022-07-25 20:39:51,936:Using Single Dataset Mode
2022-07-25 20:40:37,987:Using Single Dataset Mode
2022-07-25 20:41:32,761:Using Single Dataset Mode
2022-07-25 20:42:21,132:Using Single Dataset Mode
2022-07-25 20:43:16,748:Using Single Dataset Mode
2022-07-25 20:43:37,783:Using Single Dataset Mode
2022-07-25 20:44:46,400:Using Single Dataset Mode
2022-07-25 20:45:16,442:Using Single Dataset Mode
2022-07-25 20:45:58,325:Using Single Dataset Mode
2022-07-25 20:47:05,398:Using Single Dataset Mode
2022-07-25 20:47:15,719:Using Single Dataset Mode
2022-07-25 20:47:48,219:Using Single Dataset Mode
2022-07-25 20:47:58,441:Using Single Dataset Mode
2022-07-25 20:48:06,518:Using Single Dataset Mode
2022-07-25 20:48:36,608:Using Single Dataset Mode
2022-07-25 20:50:30,494:Using Single Dataset Mode
2022-07-25 20:50:40,463:Using Single Dataset Mode
2022-07-25 20:52:05,639:Using Single Dataset Mode
2022-07-25 20:52:23,379:Using Single Dataset Mode
2022-07-25 20:52:38,052:Using Single Dataset Mode
2022-07-25 20:53:09,617:Using Single Dataset Mode
2022-07-25 20:53:25,640:Using Single Dataset Mode
2022-07-25 20:54:09,573:Using Single Dataset Mode
2022-07-25 20:54:29,195:Using Single Dataset Mode
2022-07-25 20:54:53,642:Using Single Dataset Mode
2022-07-25 20:55:12,779:Using Single Dataset Mode
2022-07-25 20:55:37,112:Using Single Dataset Mode
2022-07-25 20:55:40,067:Using Single Dataset Mode
2022-07-25 20:55:54,346:Using Single Dataset Mode
2022-07-25 20:56:09,581:Using Single Dataset Mode
2022-07-25 20:56:39,922:Using Single Dataset Mode
2022-07-25 20:56:55,084:Using Single Dataset Mode
2022-07-25 20:57:48,309:Using Single Dataset Mode
2022-07-25 20:58:07,389:Using Single Dataset Mode
2022-07-25 20:58:34,874:Using Single Dataset Mode
2022-07-25 20:58:40,390:Using Single Dataset Mode
2022-07-25 20:58:40,400:Using cache
2022-07-25 20:58:45,746:Using Single Dataset Mode
2022-07-25 20:58:47,508:Using Single Dataset Mode
2022-07-25 20:58:47,515:Using cache
2022-07-25 20:58:51,711:Using Single Dataset Mode
2022-07-25 21:01:03,037:Using Single Dataset Mode
2022-07-25 21:02:08,337:Using Single Dataset Mode
2022-07-25 21:02:25,592:Using Single Dataset Mode
2022-07-25 21:02:44,236:Using Single Dataset Mode
2022-07-25 21:03:30,102:Using Single Dataset Mode
2022-07-25 21:04:10,056:Using Single Dataset Mode
2022-07-25 21:04:25,302:Using Single Dataset Mode
2022-07-25 21:04:36,245:Using Single Dataset Mode
2022-07-25 21:05:15,001:Using Single Dataset Mode
2022-07-25 21:05:33,897:Using Single Dataset Mode
2022-07-25 21:06:30,858:Using Single Dataset Mode
2022-07-25 21:06:56,656:Using Single Dataset Mode
2022-07-25 21:07:19,672:Using Single Dataset Mode
2022-07-25 21:07:36,928:Using Single Dataset Mode
2022-07-25 21:07:47,713:Using Single Dataset Mode
2022-07-25 21:09:44,859:Using Single Dataset Mode
2022-07-25 21:12:33,115:Using Single Dataset Mode
2022-07-25 21:12:57,614:Using Single Dataset Mode
2022-07-25 21:13:14,489:Using Single Dataset Mode
2022-07-25 21:13:34,459:Using Single Dataset Mode
2022-07-25 21:13:34,471:Using cache
2022-07-25 21:13:34,739:Missing a cache for zipf
2022-07-25 21:14:52,162:Using Single Dataset Mode
2022-07-25 21:15:43,683:Using Single Dataset Mode
2022-07-25 21:16:54,851:Using Single Dataset Mode
2022-07-25 21:22:42,376:Using Single Dataset Mode
2022-07-25 21:24:54,669:Using Single Dataset Mode
2022-07-25 21:25:53,943:Using Single Dataset Mode
2022-07-25 21:26:06,456:Using Single Dataset Mode
2022-07-25 21:26:14,320:Using Single Dataset Mode
2022-07-25 21:26:20,310:Using Single Dataset Mode
2022-07-25 21:26:54,456:Using Single Dataset Mode
2022-07-25 21:27:17,428:Using Single Dataset Mode
2022-07-25 21:27:24,077:Using Single Dataset Mode
2022-07-25 21:27:38,254:Using Single Dataset Mode
2022-07-25 21:27:45,626:Using Single Dataset Mode
2022-07-25 21:28:03,836:Using Single Dataset Mode
2022-07-25 21:28:17,034:Using Single Dataset Mode
2022-07-25 21:29:03,777:Using Single Dataset Mode
2022-07-25 21:29:38,041:Using Single Dataset Mode
2022-07-25 21:31:06,927:Using Single Dataset Mode
2022-07-25 21:31:56,142:Using Single Dataset Mode
2022-07-25 21:32:42,743:Using Single Dataset Mode
2022-07-25 21:32:55,319:Using Single Dataset Mode
2022-07-25 21:33:05,212:Using Single Dataset Mode
2022-07-25 21:33:18,050:Using Single Dataset Mode
2022-07-25 21:34:58,307:Using Single Dataset Mode
2022-07-25 21:35:21,984:Using Single Dataset Mode
2022-07-25 21:36:48,650:Using Single Dataset Mode
2022-07-25 21:46:15,527:Using Single Dataset Mode
2022-07-26 09:34:24,433:Using Single Dataset Mode
2022-07-26 12:46:48,407:Using Single Dataset Mode
2022-07-26 14:43:27,978:Using Single Dataset Mode
2022-07-26 14:43:55,663:Using Single Dataset Mode
2022-07-26 14:44:11,680:Using Single Dataset Mode
2022-07-26 14:45:22,451:Using Single Dataset Mode
2022-07-26 14:46:09,140:Using Single Dataset Mode
2022-07-26 14:46:38,392:Using Single Dataset Mode
2022-07-26 14:46:59,423:Using Single Dataset Mode
2022-07-26 14:47:06,063:Using Single Dataset Mode
2022-07-26 14:47:15,480:Using Single Dataset Mode
2022-07-26 16:42:24,615:Using Single Dataset Mode
2022-07-26 18:01:56,219:Using Single Dataset Mode
2022-07-26 18:14:33,157:Using Single Dataset Mode
2022-07-26 23:39:08,382:Using Single Dataset Mode
2022-07-27 08:30:06,670:Using Single Dataset Mode
2022-07-27 12:07:37,612:Using Single Dataset Mode
2022-07-27 19:02:53,505:Using Single Dataset Mode
2022-07-27 21:37:42,829:Using Single Dataset Mode
2022-07-27 21:41:01,857:Using Single Dataset Mode
2022-07-27 21:41:19,128:Using Single Dataset Mode
2022-07-28 07:04:30,960:Using Single Dataset Mode
2022-07-28 07:41:24,392:Using Single Dataset Mode
2022-07-28 08:48:39,607:Using Single Dataset Mode
2022-07-28 17:32:58,291:Using Single Dataset Mode
2022-07-28 17:33:04,843:Using Single Dataset Mode
2022-07-28 18:38:56,697:Using Single Dataset Mode
2022-07-28 22:56:41,213:Using Single Dataset Mode
2022-07-29 16:56:37,092:Using Single Dataset Mode
2022-07-29 18:03:49,839:Using Single Dataset Mode
2022-07-29 20:37:07,946:Using Single Dataset Mode
2022-08-02 11:41:43,441:Using Single Dataset Mode
2022-08-02 11:44:16,029:Using Single Dataset Mode
2022-08-02 11:46:30,541:Using Single Dataset Mode
2022-08-02 11:47:26,560:Using Single Dataset Mode
2022-08-02 11:47:52,948:Using Single Dataset Mode
2022-08-02 11:48:00,986:Using Single Dataset Mode
2022-08-02 11:48:11,851:Using Single Dataset Mode
2022-08-02 11:48:31,421:Using Single Dataset Mode
2022-08-02 11:48:43,631:Using Single Dataset Mode
2022-08-02 11:51:51,152:Using Single Dataset Mode
2022-08-02 11:52:52,837:Using Single Dataset Mode
2022-08-02 11:53:30,972:Using Single Dataset Mode
2022-08-02 11:54:50,394:Using Single Dataset Mode
2022-08-02 11:57:43,823:Using Single Dataset Mode
2022-08-02 11:58:06,721:Using Single Dataset Mode
2022-08-02 11:58:30,426:Using Single Dataset Mode
2022-08-02 11:59:00,303:Using Single Dataset Mode
2022-08-02 11:59:11,688:Using Single Dataset Mode
2022-08-02 11:59:19,198:Using Single Dataset Mode
2022-08-02 11:59:32,113:Using Single Dataset Mode
2022-08-02 11:59:38,440:Using Single Dataset Mode
2022-08-02 11:59:43,023:Using Single Dataset Mode
2022-08-02 12:16:57,549:Using Single Dataset Mode
2022-08-02 12:16:57,577:Using cache
2022-08-02 12:17:05,408:Using Single Dataset Mode
2022-08-02 12:17:05,447:Using cache
2022-08-02 12:17:08,592:Using Single Dataset Mode
2022-08-02 12:17:08,602:Using cache
2022-08-02 12:17:11,483:Using Single Dataset Mode
2022-08-02 12:17:11,490:Using cache
2022-08-02 12:17:14,361:Using Single Dataset Mode
2022-08-02 12:18:27,439:Using Single Dataset Mode
2022-08-02 12:19:38,352:Using Single Dataset Mode
2022-08-02 13:04:48,807:Using Single Dataset Mode
2022-08-02 15:02:23,810:Using Single Dataset Mode
2022-08-02 15:03:15,507:Using Single Dataset Mode
2022-08-02 15:03:22,062:Using Single Dataset Mode
2022-08-02 15:03:33,835:Using Single Dataset Mode
2022-08-02 15:26:50,720:Using Single Dataset Mode
2022-08-02 15:30:09,730:Using Single Dataset Mode
2022-08-02 15:30:17,129:Using Single Dataset Mode
2022-08-02 15:34:37,053:Using Single Dataset Mode
2022-08-02 15:34:49,362:Using Single Dataset Mode
2022-08-02 15:34:58,952:Using Single Dataset Mode
2022-08-02 15:35:08,169:Using Single Dataset Mode
2022-08-02 15:35:20,105:Using Single Dataset Mode
2022-08-02 15:43:53,158:Using Single Dataset Mode
2022-08-02 15:44:19,392:Using Single Dataset Mode
2022-08-02 15:53:40,959:Using Single Dataset Mode
2022-08-02 16:01:42,314:Using Single Dataset Mode
2022-08-02 16:26:14,928:Using Single Dataset Mode
2022-08-02 16:26:25,816:Using Single Dataset Mode
2022-08-02 18:07:10,225:Using Single Dataset Mode
2022-08-02 18:07:10,237:Using Single Dataset Mode
2022-08-02 18:57:44,516:Using Single Dataset Mode
2022-08-02 22:33:09,890:Using Single Dataset Mode
2022-08-03 13:43:50,127:Using Single Dataset Mode
2022-08-09 19:38:52,934:Using Single Dataset Mode
2022-08-09 19:40:46,024:Using Single Dataset Mode
2022-08-09 19:49:44,041:Using Single Dataset Mode
2022-08-12 09:49:37,767:Using Single Dataset Mode
2022-08-12 09:52:36,295:Using Single Dataset Mode
2022-08-12 09:53:31,888:Using Single Dataset Mode
2022-08-12 09:53:32,724:Using Single Dataset Mode
2022-08-12 09:53:35,338:Using Single Dataset Mode
2022-08-12 10:04:39,598:Using Single Dataset Mode
2022-08-12 10:04:41,633:Using Single Dataset Mode
2022-08-12 10:04:44,009:Using Single Dataset Mode
2022-08-12 10:04:46,733:Using Single Dataset Mode
2022-08-12 11:00:10,817:Using Single Dataset Mode
2022-08-12 17:42:28,155:Using Single Dataset Mode
2022-08-13 07:52:06,276:Using Single Dataset Mode
2022-08-13 14:10:55,488:Using Single Dataset Mode
2022-08-13 15:07:25,665:Using Single Dataset Mode
2022-08-13 15:07:56,847:Using Single Dataset Mode
2022-08-13 15:19:14,871:Using Single Dataset Mode
2022-08-13 15:26:53,817:Using Single Dataset Mode
2022-08-13 15:42:33,590:Using Single Dataset Mode
2022-08-13 16:51:18,394:Using Single Dataset Mode
2022-08-13 17:02:46,536:Using Single Dataset Mode
2022-08-13 18:49:23,919:Using Single Dataset Mode
2022-08-13 20:54:40,464:Using Single Dataset Mode
2022-08-13 21:43:44,379:Using Single Dataset Mode
2022-08-13 22:52:56,638:Using Single Dataset Mode
2022-08-13 23:56:42,388:Using Single Dataset Mode
2022-08-14 09:59:36,230:Using Single Dataset Mode
2022-08-14 10:06:07,602:Using Single Dataset Mode
2022-08-14 22:07:27,140:Using Single Dataset Mode
2022-08-14 23:55:34,730:Using Single Dataset Mode
2022-08-15 03:33:30,654:Using Single Dataset Mode
2022-08-15 05:26:08,744:Using Single Dataset Mode
2022-08-15 08:29:00,751:Using Single Dataset Mode
2022-08-15 10:22:13,910:Using Single Dataset Mode
2022-08-15 15:20:22,373:Using Single Dataset Mode
2022-08-16 03:21:41,361:Using Single Dataset Mode
2022-08-16 09:47:57,990:Using Single Dataset Mode
2022-08-16 11:58:17,993:Using Single Dataset Mode
2022-08-16 12:25:26,267:Using Single Dataset Mode
2022-08-16 13:51:39,458:Using Single Dataset Mode
2022-08-16 19:32:47,071:Using Single Dataset Mode
2022-08-16 19:33:01,572:Using Single Dataset Mode
2022-08-16 19:33:04,363:Using Single Dataset Mode
2022-08-16 19:36:38,783:Using Single Dataset Mode
2022-08-16 19:36:43,455:Using Single Dataset Mode
2022-08-16 19:48:45,528:Using Single Dataset Mode
2022-08-16 19:55:10,777:Using Single Dataset Mode
2022-08-16 20:11:46,751:Using Single Dataset Mode
2022-08-16 20:11:48,988:Using Single Dataset Mode
2022-08-16 20:12:42,935:Using Single Dataset Mode
2022-08-16 20:13:57,392:Using Single Dataset Mode
2022-08-16 20:17:05,440:Using Single Dataset Mode
2022-08-16 22:28:02,159:Using Single Dataset Mode
2022-08-17 11:04:42,116:Using Single Dataset Mode
2022-08-17 13:41:07,337:Using Single Dataset Mode
2022-08-17 13:41:40,369:Using Single Dataset Mode
2022-08-17 13:41:56,632:Using Single Dataset Mode
2022-08-17 13:44:31,361:Using Single Dataset Mode
2022-08-17 13:48:08,815:Using Single Dataset Mode
2022-08-17 13:48:46,478:Using Single Dataset Mode
2022-08-17 13:49:07,310:Using Single Dataset Mode
2022-08-17 13:49:10,243:Using Single Dataset Mode
2022-08-17 13:49:10,630:Using Single Dataset Mode
2022-08-17 13:49:28,734:Using Single Dataset Mode
2022-08-17 13:49:53,086:Using Single Dataset Mode
2022-08-17 13:50:04,080:Using Single Dataset Mode
2022-08-17 13:50:11,437:Using Single Dataset Mode
2022-08-17 14:20:47,193:Using Single Dataset Mode
2022-08-17 16:44:16,972:Using Single Dataset Mode
2022-08-17 16:44:22,689:Using Single Dataset Mode
2022-08-17 18:02:57,126:Using Single Dataset Mode
2022-08-17 18:16:02,857:Using Single Dataset Mode
2022-08-17 20:47:01,353:Using Single Dataset Mode
2022-08-17 20:47:05,086:Using Single Dataset Mode
2022-08-17 20:47:09,453:Using Single Dataset Mode
2022-08-17 20:47:11,899:Using Single Dataset Mode
2022-08-17 20:47:14,255:Using Single Dataset Mode
2022-08-17 20:47:16,943:Using Single Dataset Mode
2022-08-17 20:47:19,472:Using Single Dataset Mode
2022-08-17 20:47:21,746:Using Single Dataset Mode
2022-08-17 20:47:25,859:Using Single Dataset Mode
2022-08-17 20:50:25,251:Using Single Dataset Mode
2022-08-17 20:50:28,711:Using Single Dataset Mode
2022-08-17 22:12:47,565:Using Single Dataset Mode
2022-08-17 22:54:46,107:Using Single Dataset Mode
2022-08-17 22:55:16,403:Using Single Dataset Mode
2022-08-17 22:55:46,281:Using Single Dataset Mode
2022-08-17 22:55:57,309:Using Single Dataset Mode
2022-08-17 22:56:06,043:Using Single Dataset Mode
2022-08-17 22:57:48,972:Using Single Dataset Mode
2022-08-23 16:35:07,731:Using Single Dataset Mode
2022-08-23 16:35:17,335:Using Single Dataset Mode
2022-08-23 16:35:19,700:Using Single Dataset Mode
2022-08-23 16:35:20,395:Using Single Dataset Mode
2022-08-23 16:35:22,221:Using Single Dataset Mode
2022-08-23 16:35:28,466:Using Single Dataset Mode
2022-08-23 16:35:32,857:Using Single Dataset Mode
2022-08-23 16:35:37,305:Using Single Dataset Mode
2022-08-23 16:35:39,170:Using Single Dataset Mode
2022-08-23 16:35:39,997:Using Single Dataset Mode
2022-08-23 16:36:26,362:Using Single Dataset Mode
2022-08-23 16:37:31,077:Using Single Dataset Mode
2022-08-23 16:37:53,497:Using Single Dataset Mode
2022-08-23 16:42:34,125:Using Single Dataset Mode
2022-08-23 16:42:35,594:Using Single Dataset Mode
2022-08-23 16:42:35,969:Using Single Dataset Mode
2022-08-23 16:44:36,013:Using Single Dataset Mode
2022-08-23 16:44:36,013:Using Single Dataset Mode
2022-08-23 16:44:36,020:Using cache
2022-08-23 16:44:36,020:Using cache
2022-08-23 16:44:36,720:Missing a cache for zipf
2022-08-23 16:44:36,720:Missing a cache for zipf
2022-08-23 16:47:32,543:Using Single Dataset Mode
2022-08-23 16:47:32,543:Using Single Dataset Mode
2022-08-23 16:47:34,430:Using Single Dataset Mode
2022-08-23 16:47:34,430:Using Single Dataset Mode
2022-08-23 16:48:44,810:Using Single Dataset Mode
2022-08-23 16:48:44,829:Using cache
2022-08-23 16:48:45,590:Missing a cache for zipf
2022-08-23 16:48:46,357:Using Single Dataset Mode
2022-08-23 16:49:02,790:Using Single Dataset Mode
2022-08-23 16:49:03,873:Using Single Dataset Mode
2022-08-23 16:51:49,344:Using Single Dataset Mode
2022-08-23 16:51:50,183:Using Single Dataset Mode
2022-08-23 17:00:43,990:Using Single Dataset Mode
2022-08-23 17:00:44,829:Using Single Dataset Mode
2022-08-23 17:04:23,710:Using Single Dataset Mode
2022-08-23 17:04:40,640:Using Single Dataset Mode
2022-08-23 17:04:41,472:Using Single Dataset Mode
2022-08-23 17:07:17,210:Using Single Dataset Mode
2022-08-23 17:07:18,005:Using Single Dataset Mode
2022-08-23 17:07:40,335:Using Single Dataset Mode
2022-08-23 17:07:41,186:Using Single Dataset Mode
2022-08-23 17:11:02,243:Using Single Dataset Mode
2022-08-23 17:11:03,301:Using Single Dataset Mode
2022-08-23 17:11:29,065:Using Single Dataset Mode
2022-08-23 17:11:30,234:Using Single Dataset Mode
2022-08-23 17:11:57,650:Using Single Dataset Mode
2022-08-23 17:11:58,623:Using Single Dataset Mode
2022-08-23 17:12:25,626:Using Single Dataset Mode
2022-08-23 17:12:26,572:Using Single Dataset Mode
2022-08-23 17:12:40,225:Using Single Dataset Mode
2022-08-23 17:12:41,131:Using Single Dataset Mode
2022-08-23 17:12:48,080:Using Single Dataset Mode
2022-08-23 17:12:48,098:Using cache
2022-08-23 17:12:48,681:Using Single Dataset Mode
2022-08-23 17:12:54,316:Using Single Dataset Mode
2022-08-23 17:12:54,328:Using cache
2022-08-23 17:12:54,826:Using Single Dataset Mode
2022-08-23 17:13:05,610:Using Single Dataset Mode
2022-08-23 17:13:06,310:Using Single Dataset Mode
2022-08-24 16:31:54,689:Using Single Dataset Mode
2022-08-24 16:33:30,242:Using Single Dataset Mode
2022-08-24 16:34:59,922:Using Single Dataset Mode
2022-08-24 16:38:16,966:Using Single Dataset Mode
2022-08-24 16:41:52,195:Using Single Dataset Mode
2022-08-24 16:45:25,351:Using Single Dataset Mode
2022-08-24 16:47:22,070:Using Single Dataset Mode
2022-08-24 16:48:41,371:Using Single Dataset Mode
2022-08-24 16:50:28,902:Using Single Dataset Mode
2022-08-24 16:53:25,564:Using Single Dataset Mode
2022-08-24 16:54:48,479:Using Single Dataset Mode
2022-08-24 16:56:57,667:Using Single Dataset Mode
2022-08-24 16:58:22,982:Using Single Dataset Mode
2022-08-24 16:58:22,994:Using cache
2022-08-24 16:58:23,768:Using Single Dataset Mode
2022-08-24 17:01:50,417:Using Single Dataset Mode
2022-08-24 17:01:50,430:Using cache
2022-08-24 17:01:51,032:Using Single Dataset Mode
2022-08-24 17:05:03,371:Using Single Dataset Mode
2022-08-24 17:05:03,383:Using cache
2022-08-24 17:05:03,941:Using Single Dataset Mode
2022-08-24 17:05:46,613:Using Single Dataset Mode
2022-08-24 17:05:46,626:Using cache
2022-08-24 17:05:47,196:Using Single Dataset Mode
2022-08-25 05:55:35,569:Using Single Dataset Mode
2022-08-25 05:55:35,630:Using Single Dataset Mode
2022-08-25 07:41:32,968:Using Single Dataset Mode
2022-08-25 07:41:33,005:Using Single Dataset Mode
2022-08-25 09:22:50,408:Using Single Dataset Mode
2022-08-25 09:22:50,539:Using Single Dataset Mode
2022-08-25 11:53:43,232:Using Single Dataset Mode
2022-08-25 11:53:43,272:Using Single Dataset Mode
2022-08-25 12:58:33,873:Using Single Dataset Mode
2022-08-25 12:58:33,931:Using Single Dataset Mode
2022-08-25 13:44:50,866:Using Single Dataset Mode
2022-08-25 13:44:50,889:Using Single Dataset Mode
2022-08-25 16:49:07,139:Using Single Dataset Mode
2022-08-25 16:49:07,204:Using Single Dataset Mode
2022-08-25 17:21:00,726:Using Single Dataset Mode
2022-08-25 17:21:00,759:Using Single Dataset Mode
2022-08-25 19:38:30,588:Using Single Dataset Mode
2022-08-25 19:38:30,642:Using Single Dataset Mode
2022-08-26 10:06:58,214:Using Single Dataset Mode
2022-08-26 10:06:58,331:Using Single Dataset Mode
2022-09-13 16:18:16,595:Using Single Dataset Mode
2022-09-13 16:18:16,613:Using cache
2022-09-13 16:18:17,824:Missing a cache for zipf
2022-09-13 16:18:35,552:Using Single Dataset Mode
2022-09-13 16:20:52,859:Using Single Dataset Mode
2022-09-13 16:20:52,876:Using cache
2022-09-13 16:20:53,170:Using Single Dataset Mode
2022-09-13 16:20:53,181:Using cache
2022-09-13 16:20:54,265:Missing a cache for text duplicates
2022-09-13 16:20:54,269:Missing a cache for zipf
2022-09-13 16:20:54,402:Missing a cache for zipf
2022-09-13 16:23:10,231:Using Single Dataset Mode
2022-09-13 16:23:10,231:Using Single Dataset Mode
2022-09-13 16:23:10,265:Using cache
2022-09-13 16:23:10,265:Using cache
2022-09-13 16:23:10,398:Using Single Dataset Mode
2022-09-13 16:23:10,398:Using Single Dataset Mode
2022-09-13 16:23:10,427:Using cache
2022-09-13 16:23:10,427:Using cache
2022-09-13 16:23:11,700:Missing a cache for zipf
2022-09-13 16:23:11,700:Missing a cache for zipf
2022-09-13 16:23:11,700:Missing a cache for zipf
2022-09-13 16:23:11,700:Missing a cache for zipf
2022-09-13 16:23:55,651:Using Single Dataset Mode
2022-09-13 16:23:55,651:Using Single Dataset Mode
2022-09-13 18:34:08,760:Using Single Dataset Mode
2022-09-13 18:34:08,760:Using Single Dataset Mode
2022-09-13 18:34:10,738:Using Single Dataset Mode
2022-09-13 18:34:10,738:Using Single Dataset Mode
2022-09-13 19:04:49,520:Using Single Dataset Mode
2022-09-13 19:04:49,520:Using Single Dataset Mode
2022-09-13 19:11:59,172:Using Single Dataset Mode
2022-09-13 19:11:59,172:Using Single Dataset Mode
2022-09-13 19:11:59,210:Using cache
2022-09-13 19:11:59,210:Using cache
2022-09-13 19:11:59,252:Using Single Dataset Mode
2022-09-13 19:11:59,252:Using Single Dataset Mode
2022-09-13 19:11:59,340:Using cache
2022-09-13 19:11:59,340:Using cache
2022-09-13 19:12:00,977:Missing a cache for zipf
2022-09-13 19:12:00,977:Missing a cache for zipf
2022-09-13 19:12:00,985:Missing a cache for zipf
2022-09-13 19:12:00,985:Missing a cache for zipf
2022-09-13 19:12:58,008:Using Single Dataset Mode
2022-09-13 19:12:58,008:Using Single Dataset Mode
2022-09-13 19:12:58,033:Using cache
2022-09-13 19:12:58,033:Using cache
2022-09-13 19:14:46,428:Missing a cache for prepare labels
2022-09-13 19:14:46,428:Missing a cache for prepare labels
2022-09-13 19:15:38,930:Using Single Dataset Mode
2022-09-13 19:15:38,930:Using Single Dataset Mode
2022-09-13 19:15:38,960:Using cache
2022-09-13 19:15:38,960:Using cache
2022-09-13 19:16:40,216:Missing a cache for prepare labels
2022-09-13 19:16:40,216:Missing a cache for prepare labels
2022-09-13 19:17:44,085:Using Single Dataset Mode
2022-09-13 19:17:44,085:Using Single Dataset Mode
2022-09-13 19:55:37,582:Using Single Dataset Mode
2022-09-13 19:58:32,243:Using Single Dataset Mode
2022-09-13 20:00:18,109:Using Single Dataset Mode
2022-09-13 20:03:09,535:Using Single Dataset Mode
2022-09-13 23:29:18,586:Using Single Dataset Mode
2022-09-14 10:38:35,851:Using Single Dataset Mode
2022-09-14 11:07:08,602:Using Single Dataset Mode
2022-09-14 11:20:40,617:Using Single Dataset Mode
2022-09-14 11:25:47,741:Using Single Dataset Mode
2022-09-14 13:43:50,415:Using Single Dataset Mode
2022-09-14 13:49:19,382:Using Single Dataset Mode
2022-09-14 14:06:44,016:Using Single Dataset Mode
2022-09-14 14:10:07,788:Using Single Dataset Mode
2022-09-14 14:13:51,578:Using Single Dataset Mode
2022-09-14 14:17:34,849:Using Single Dataset Mode
2022-09-14 14:21:17,715:Using Single Dataset Mode
2022-09-14 14:25:06,674:Using Single Dataset Mode
2022-09-14 14:27:36,862:Using Single Dataset Mode
2022-09-14 14:29:44,726:Using Single Dataset Mode
2022-09-14 14:33:37,766:Using Single Dataset Mode
2022-09-14 14:36:48,660:Using Single Dataset Mode
2022-09-14 14:38:53,712:Using Single Dataset Mode
2022-09-14 14:43:22,171:Using Single Dataset Mode
2022-09-14 14:46:43,673:Using Single Dataset Mode
2022-09-14 14:48:43,383:Using Single Dataset Mode
2022-09-14 14:50:23,647:Using Single Dataset Mode
2022-09-14 14:50:23,718:showing header
2022-09-14 14:50:23,718:Only using cache.
2022-09-14 14:50:25,237:showing header
2022-09-14 14:57:50,718:Using Single Dataset Mode
2022-09-14 14:57:50,735:showing header
2022-09-14 14:57:50,735:Only using cache.
2022-09-14 14:57:51,210:showing header
2022-09-15 15:03:11,315:Using Single Dataset Mode
2022-09-15 15:03:11,412:showing header
2022-09-15 15:03:11,412:Only using cache.
2022-09-15 15:03:12,020:showing header
2022-09-19 19:43:35,758:Using Single Dataset Mode
2022-09-19 19:43:35,793:showing header
2022-09-19 19:43:35,793:Only using cache.
2022-09-19 19:43:36,402:Using Single Dataset Mode
2022-09-19 19:43:36,411:showing header
2022-09-19 19:43:36,412:Only using cache.
2022-09-19 19:43:37,456:showing header
2022-09-19 19:43:37,456:showing header
2022-09-19 22:24:11,479:Using Single Dataset Mode
2022-09-19 22:24:11,658:showing header
2022-09-19 22:24:11,658:Only using cache.
2022-09-19 22:24:12,386:showing header
2022-09-19 22:24:16,807:Using Single Dataset Mode
2022-09-19 22:24:16,818:showing header
2022-09-19 22:24:16,819:Only using cache.
2022-09-19 22:24:17,194:showing header
2022-09-20 12:09:48,719:Using Single Dataset Mode
2022-09-20 12:09:48,761:showing header
2022-09-20 12:09:48,762:Making new calculations if cache is not there.
2022-09-20 12:09:49,992:showing header
2022-09-20 12:17:21,287:Using Single Dataset Mode
2022-09-20 12:17:21,297:showing header
2022-09-20 12:17:21,297:Making new calculations if cache is not there.
2022-09-20 12:17:21,666:showing header
2022-09-20 12:23:20,967:Using Single Dataset Mode
2022-09-20 12:23:20,981:showing header
2022-09-20 12:23:20,982:Making new calculations if cache is not there.
2022-09-20 12:23:21,354:showing header
2022-09-20 12:25:37,147:Using Single Dataset Mode
2022-09-20 12:25:37,160:showing header
2022-09-20 12:25:37,161:Making new calculations if cache is not there.
2022-09-20 12:25:37,509:showing header
2022-09-20 12:25:37,529:showing general stats
2022-09-20 12:25:38,061:showing npmi widget
2022-09-20 12:28:53,665:Using Single Dataset Mode
2022-09-20 12:28:53,681:showing header
2022-09-20 12:28:53,681:Making new calculations if cache is not there.
2022-09-20 12:28:54,039:showing header
2022-09-20 12:28:54,042:showing general stats
2022-09-20 12:28:54,488:showing npmi widget
2022-09-20 12:31:57,581:Using Single Dataset Mode
2022-09-20 12:31:57,591:showing header
2022-09-20 12:31:57,591:Making new calculations if cache is not there.
2022-09-20 12:31:57,991:showing header
2022-09-20 12:31:57,994:showing general stats
2022-09-20 12:31:58,455:showing npmi widget
2022-09-20 12:39:07,358:Using Single Dataset Mode
2022-09-20 12:39:07,372:showing header
2022-09-20 12:39:07,372:Making new calculations if cache is not there.
2022-09-20 12:39:07,720:showing header
2022-09-20 12:39:07,723:showing general stats
2022-09-20 12:39:08,166:showing npmi widget
2022-09-20 12:46:36,060:Using Single Dataset Mode
2022-09-20 12:46:36,070:showing header
2022-09-20 12:46:36,071:Making new calculations if cache is not there.
2022-09-20 12:46:36,459:showing header
2022-09-20 12:46:36,463:showing general stats
2022-09-20 12:46:37,038:showing npmi widget
2022-09-20 12:46:37,039:showing zipf
2022-09-20 12:48:51,621:Using Single Dataset Mode
2022-09-20 12:48:51,632:showing header
2022-09-20 12:48:51,633:Making new calculations if cache is not there.
2022-09-20 12:48:51,998:showing header
2022-09-20 12:48:52,001:showing general stats
2022-09-20 12:48:52,530:showing npmi widget
2022-09-20 12:48:52,531:showing zipf
2022-09-20 12:48:52,532:showing general stats
2022-09-20 12:48:52,533:showing npmi widget
2022-09-20 12:48:52,533:showing zipf
2022-09-20 12:50:25,663:Using Single Dataset Mode
2022-09-20 12:50:25,680:showing header
2022-09-20 12:50:25,681:Making new calculations if cache is not there.
2022-09-20 12:50:26,065:showing header
2022-09-20 12:50:26,068:showing general stats
2022-09-20 12:50:26,525:showing npmi widget
2022-09-20 12:50:26,525:showing zipf
2022-09-20 12:50:26,526:showing general stats
2022-09-20 12:50:26,526:showing npmi widget
2022-09-20 12:50:26,527:showing zipf
2022-09-20 12:50:26,527:showing general stats.
2022-09-20 12:50:26,576:showing label distribution.
2022-09-20 12:50:26,577:Jk jk jk. There was an issue with label distribution:
2022-09-20 12:50:26,578:The `figure_or_data` positional argument must be `dict`-like, `list`-like, or an instance of plotly.graph_objs.Figure
Traceback (most recent call last):
  File "/Users/ezi/Desktop/DMT/data-measurements-tool/app.py", line 277, in show_column
    widget_fn(dstats, column_id)
  File "/Users/ezi/Desktop/DMT/data-measurements-tool/utils/streamlit_utils.py", line 201, in expander_label_distribution
    st.plotly_chart(fig_labels, use_container_width=True)
  File "/usr/local/lib/python3.9/site-packages/streamlit/elements/plotly_chart.py", line 140, in plotly_chart
    marshall(
  File "/usr/local/lib/python3.9/site-packages/streamlit/elements/plotly_chart.py", line 172, in marshall
    figure = plotly.tools.return_figure_from_figure_or_data(
  File "/usr/local/lib/python3.9/site-packages/plotly/tools.py", line 544, in return_figure_from_figure_or_data
    raise exceptions.PlotlyError(
_plotly_utils.exceptions.PlotlyError: The `figure_or_data` positional argument must be `dict`-like, `list`-like, or an instance of plotly.graph_objs.Figure
2022-09-20 12:50:26,585:showing text_lengths.
2022-09-20 12:50:27,144:Jk jk jk. There was an issue with text_lengths:
2022-09-20 12:50:27,144:There are multiple identical `st.selectbox` widgets with
`key='select_show_length_'`.

To fix this, please make sure that the `key` argument is unique for
each `st.selectbox` you create.
Traceback (most recent call last):
  File "/Users/ezi/Desktop/DMT/data-measurements-tool/app.py", line 277, in show_column
    widget_fn(dstats, column_id)
  File "/Users/ezi/Desktop/DMT/data-measurements-tool/utils/streamlit_utils.py", line 239, in expander_text_lengths
    start_id_show_lengths = st.selectbox(
  File "/usr/local/lib/python3.9/site-packages/streamlit/elements/selectbox.py", line 99, in selectbox
    return self._selectbox(
  File "/usr/local/lib/python3.9/site-packages/streamlit/elements/selectbox.py", line 162, in _selectbox
    widget_state = register_widget(
  File "/usr/local/lib/python3.9/site-packages/streamlit/runtime/state/widgets.py", line 199, in register_widget
    raise DuplicateWidgetID(
streamlit.errors.DuplicateWidgetID: There are multiple identical `st.selectbox` widgets with
`key='select_show_length_'`.

To fix this, please make sure that the `key` argument is unique for
each `st.selectbox` you create.
2022-09-20 12:50:27,152:showing duplicates.
2022-09-20 12:50:27,158:showing npmi.
2022-09-20 12:50:27,410:showing zipf.
2022-09-20 12:50:27,437:Have finished displaying the widgets.
2022-09-20 12:52:40,851:Using Single Dataset Mode
2022-09-20 12:52:40,867:showing header
2022-09-20 12:52:40,867:Making new calculations if cache is not there.
2022-09-20 12:52:41,249:showing header
2022-09-20 12:52:41,252:showing general stats
2022-09-20 12:52:41,744:showing npmi widget
2022-09-20 12:52:41,746:showing zipf
2022-09-20 12:52:41,771:showing general stats
2022-09-20 12:52:41,771:showing npmi widget
2022-09-20 12:52:41,772:showing zipf
2022-09-20 12:52:41,773:showing general stats.
2022-09-20 12:52:41,778:showing label distribution.
2022-09-20 12:52:41,779:Jk jk jk. There was an issue with label distribution:
2022-09-20 12:52:41,780:The `figure_or_data` positional argument must be `dict`-like, `list`-like, or an instance of plotly.graph_objs.Figure
Traceback (most recent call last):
  File "/Users/ezi/Desktop/DMT/data-measurements-tool/app.py", line 277, in show_column
    widget_fn(dstats, column_id)
  File "/Users/ezi/Desktop/DMT/data-measurements-tool/utils/streamlit_utils.py", line 201, in expander_label_distribution
    st.plotly_chart(fig_labels, use_container_width=True)
  File "/usr/local/lib/python3.9/site-packages/streamlit/elements/plotly_chart.py", line 140, in plotly_chart
    marshall(
  File "/usr/local/lib/python3.9/site-packages/streamlit/elements/plotly_chart.py", line 172, in marshall
    figure = plotly.tools.return_figure_from_figure_or_data(
  File "/usr/local/lib/python3.9/site-packages/plotly/tools.py", line 544, in return_figure_from_figure_or_data
    raise exceptions.PlotlyError(
_plotly_utils.exceptions.PlotlyError: The `figure_or_data` positional argument must be `dict`-like, `list`-like, or an instance of plotly.graph_objs.Figure
2022-09-20 12:52:41,787:showing text_lengths.
2022-09-20 12:52:42,344:Jk jk jk. There was an issue with text_lengths:
2022-09-20 12:52:42,344:There are multiple identical `st.selectbox` widgets with
`key='select_show_length_'`.

To fix this, please make sure that the `key` argument is unique for
each `st.selectbox` you create.
Traceback (most recent call last):
  File "/Users/ezi/Desktop/DMT/data-measurements-tool/app.py", line 277, in show_column
    widget_fn(dstats, column_id)
  File "/Users/ezi/Desktop/DMT/data-measurements-tool/utils/streamlit_utils.py", line 239, in expander_text_lengths
    start_id_show_lengths = st.selectbox(
  File "/usr/local/lib/python3.9/site-packages/streamlit/elements/selectbox.py", line 99, in selectbox
    return self._selectbox(
  File "/usr/local/lib/python3.9/site-packages/streamlit/elements/selectbox.py", line 162, in _selectbox
    widget_state = register_widget(
  File "/usr/local/lib/python3.9/site-packages/streamlit/runtime/state/widgets.py", line 199, in register_widget
    raise DuplicateWidgetID(
streamlit.errors.DuplicateWidgetID: There are multiple identical `st.selectbox` widgets with
`key='select_show_length_'`.

To fix this, please make sure that the `key` argument is unique for
each `st.selectbox` you create.
2022-09-20 12:52:42,345:showing duplicates.
2022-09-20 12:52:42,350:showing npmi.
2022-09-20 12:52:42,563:showing zipf.
2022-09-20 12:52:42,586:Have finished displaying the widgets.
2022-09-20 13:04:30,887:Using Single Dataset Mode
2022-09-20 13:05:34,872:showing header
2022-09-20 13:05:34,873:Making new calculations if cache is not there.
2022-09-20 15:06:36,541:Using Single Dataset Mode
2022-09-20 15:06:37,032:showing header
2022-09-20 15:06:37,032:Making new calculations if cache is not there.
2022-09-20 15:14:21,661:Issue with label distribution.
2022-09-20 15:14:21,661:tuple index out of range
Traceback (most recent call last):
  File "/Users/ezi/Desktop/DMT/data-measurements-tool/app.py", line 178, in load_or_prepare_widgets
    widget_fn(load_only=load_only)
  File "/Users/ezi/Desktop/DMT/data-measurements-tool/data_measurements/dataset_statistics.py", line 384, in load_or_prepare_labels
    label_obj.run_DMT_processing()
  File "/Users/ezi/Desktop/DMT/data-measurements-tool/data_measurements/labels/labels.py", line 123, in run_DMT_processing
    self.label_results = self._prepare_labels()
  File "/Users/ezi/Desktop/DMT/data-measurements-tool/data_measurements/labels/labels.py", line 154, in _prepare_labels
    label_field = self.label_field[0]
IndexError: tuple index out of range
2022-09-20 15:23:47,718:Issue with label distribution.
2022-09-20 15:23:47,718:tuple index out of range
Traceback (most recent call last):
  File "/Users/ezi/Desktop/DMT/data-measurements-tool/app.py", line 178, in load_or_prepare_widgets
    widget_fn(load_only=load_only)
  File "/Users/ezi/Desktop/DMT/data-measurements-tool/data_measurements/dataset_statistics.py", line 384, in load_or_prepare_labels
    label_obj.run_DMT_processing()
  File "/Users/ezi/Desktop/DMT/data-measurements-tool/data_measurements/labels/labels.py", line 123, in run_DMT_processing
    self.label_results = self._prepare_labels()
  File "/Users/ezi/Desktop/DMT/data-measurements-tool/data_measurements/labels/labels.py", line 154, in _prepare_labels
    label_field = self.label_field[0]
IndexError: tuple index out of range
2022-09-20 15:23:53,836:showing header
2022-09-20 15:23:53,859:showing general stats
2022-09-20 15:23:54,312:showing npmi widget
2022-09-20 15:23:54,313:showing zipf
2022-09-20 15:23:54,871:showing general stats
2022-09-20 15:23:54,871:showing npmi widget
2022-09-20 15:23:54,872:showing zipf
2022-09-20 15:23:54,872:showing general stats.
2022-09-20 15:23:54,878:showing label distribution.
2022-09-20 15:23:54,878:Jk jk jk. There was an issue with label distribution:
2022-09-20 15:23:54,879:The `figure_or_data` positional argument must be `dict`-like, `list`-like, or an instance of plotly.graph_objs.Figure
Traceback (most recent call last):
  File "/Users/ezi/Desktop/DMT/data-measurements-tool/app.py", line 277, in show_column
    widget_fn(dstats, column_id)
  File "/Users/ezi/Desktop/DMT/data-measurements-tool/utils/streamlit_utils.py", line 201, in expander_label_distribution
    st.plotly_chart(fig_labels, use_container_width=True)
  File "/usr/local/lib/python3.9/site-packages/streamlit/elements/plotly_chart.py", line 140, in plotly_chart
    marshall(
  File "/usr/local/lib/python3.9/site-packages/streamlit/elements/plotly_chart.py", line 172, in marshall
    figure = plotly.tools.return_figure_from_figure_or_data(
  File "/usr/local/lib/python3.9/site-packages/plotly/tools.py", line 544, in return_figure_from_figure_or_data
    raise exceptions.PlotlyError(
_plotly_utils.exceptions.PlotlyError: The `figure_or_data` positional argument must be `dict`-like, `list`-like, or an instance of plotly.graph_objs.Figure
2022-09-20 15:23:54,881:showing text_lengths.
2022-09-20 15:23:55,369:Jk jk jk. There was an issue with text_lengths:
2022-09-20 15:23:55,371:There are multiple identical `st.selectbox` widgets with
`key='select_show_length_'`.

To fix this, please make sure that the `key` argument is unique for
each `st.selectbox` you create.
Traceback (most recent call last):
  File "/Users/ezi/Desktop/DMT/data-measurements-tool/app.py", line 277, in show_column
    widget_fn(dstats, column_id)
  File "/Users/ezi/Desktop/DMT/data-measurements-tool/utils/streamlit_utils.py", line 239, in expander_text_lengths
    start_id_show_lengths = st.selectbox(
  File "/usr/local/lib/python3.9/site-packages/streamlit/elements/selectbox.py", line 99, in selectbox
    return self._selectbox(
  File "/usr/local/lib/python3.9/site-packages/streamlit/elements/selectbox.py", line 162, in _selectbox
    widget_state = register_widget(
  File "/usr/local/lib/python3.9/site-packages/streamlit/runtime/state/widgets.py", line 199, in register_widget
    raise DuplicateWidgetID(
streamlit.errors.DuplicateWidgetID: There are multiple identical `st.selectbox` widgets with
`key='select_show_length_'`.

To fix this, please make sure that the `key` argument is unique for
each `st.selectbox` you create.
2022-09-20 15:23:55,389:showing duplicates.
2022-09-20 15:23:55,393:showing npmi.
2022-09-20 15:32:45,202:showing zipf.
2022-09-20 15:32:45,860:Have finished displaying the widgets.
2022-09-20 15:39:34,769:Using Single Dataset Mode
2022-09-20 15:40:59,673:showing header
2022-09-20 15:40:59,674:Making new calculations if cache is not there.
2022-09-20 15:56:32,491:Using Single Dataset Mode
2022-09-20 16:02:18,850:Using Single Dataset Mode
2022-09-20 16:04:01,223:Using Single Dataset Mode
2022-09-20 16:06:07,709:Using Single Dataset Mode
2022-09-20 16:06:07,722:showing header
2022-09-20 16:06:07,722:Making new calculations if cache is not there.
2022-09-20 16:06:08,910:showing header
2022-09-20 16:06:08,917:showing general stats
2022-09-20 16:06:09,424:showing npmi widget
2022-09-20 16:06:09,425:showing zipf
2022-09-20 16:06:09,443:showing general stats
2022-09-20 16:06:09,444:showing npmi widget
2022-09-20 16:06:09,444:showing zipf
2022-09-20 16:06:09,444:showing general stats.
2022-09-20 16:06:09,447:showing label distribution.
2022-09-20 16:06:09,449:Jk jk jk. There was an issue with label distribution:
2022-09-20 16:06:09,449:The `figure_or_data` positional argument must be `dict`-like, `list`-like, or an instance of plotly.graph_objs.Figure
Traceback (most recent call last):
  File "/Users/ezi/Desktop/DMT/data-measurements-tool/app.py", line 277, in show_column
    widget_fn(dstats, column_id)
  File "/Users/ezi/Desktop/DMT/data-measurements-tool/utils/streamlit_utils.py", line 202, in expander_label_distribution
    st.plotly_chart(fig_labels, use_container_width=True)
  File "/usr/local/lib/python3.9/site-packages/streamlit/elements/plotly_chart.py", line 140, in plotly_chart
    marshall(
  File "/usr/local/lib/python3.9/site-packages/streamlit/elements/plotly_chart.py", line 172, in marshall
    figure = plotly.tools.return_figure_from_figure_or_data(
  File "/usr/local/lib/python3.9/site-packages/plotly/tools.py", line 544, in return_figure_from_figure_or_data
    raise exceptions.PlotlyError(
_plotly_utils.exceptions.PlotlyError: The `figure_or_data` positional argument must be `dict`-like, `list`-like, or an instance of plotly.graph_objs.Figure
2022-09-20 16:06:09,455:showing text_lengths.
2022-09-20 16:06:09,967:Jk jk jk. There was an issue with text_lengths:
2022-09-20 16:06:09,967:There are multiple identical `st.selectbox` widgets with
`key='select_show_length_'`.

To fix this, please make sure that the `key` argument is unique for
each `st.selectbox` you create.
Traceback (most recent call last):
  File "/Users/ezi/Desktop/DMT/data-measurements-tool/app.py", line 277, in show_column
    widget_fn(dstats, column_id)
  File "/Users/ezi/Desktop/DMT/data-measurements-tool/utils/streamlit_utils.py", line 240, in expander_text_lengths
    start_id_show_lengths = st.selectbox(
  File "/usr/local/lib/python3.9/site-packages/streamlit/elements/selectbox.py", line 99, in selectbox
    return self._selectbox(
  File "/usr/local/lib/python3.9/site-packages/streamlit/elements/selectbox.py", line 162, in _selectbox
    widget_state = register_widget(
  File "/usr/local/lib/python3.9/site-packages/streamlit/runtime/state/widgets.py", line 199, in register_widget
    raise DuplicateWidgetID(
streamlit.errors.DuplicateWidgetID: There are multiple identical `st.selectbox` widgets with
`key='select_show_length_'`.

To fix this, please make sure that the `key` argument is unique for
each `st.selectbox` you create.
2022-09-20 16:06:09,972:showing duplicates.
2022-09-20 16:06:09,976:showing npmi.
2022-09-20 16:06:10,239:showing zipf.
2022-09-20 16:29:10,581:Using Single Dataset Mode
2022-09-20 16:29:10,591:showing header
2022-09-20 16:29:10,591:Making new calculations if cache is not there.
2022-09-20 16:29:11,001:showing header
2022-09-20 16:29:11,004:showing general stats
2022-09-20 16:29:11,504:showing npmi widget
2022-09-20 16:29:11,505:showing zipf
2022-09-20 16:29:11,526:showing general stats
2022-09-20 16:29:11,526:showing npmi widget
2022-09-20 16:29:11,527:showing zipf
2022-09-20 16:29:11,527:showing general stats.
2022-09-20 16:29:11,529:showing label distribution.
2022-09-20 16:29:11,530:Jk jk jk. There was an issue with label distribution:
2022-09-20 16:29:11,530:The `figure_or_data` positional argument must be `dict`-like, `list`-like, or an instance of plotly.graph_objs.Figure
Traceback (most recent call last):
  File "/Users/ezi/Desktop/DMT/data-measurements-tool/app.py", line 277, in show_column
    widget_fn(dstats, column_id)
  File "/Users/ezi/Desktop/DMT/data-measurements-tool/utils/streamlit_utils.py", line 202, in expander_label_distribution
    st.plotly_chart(fig_labels, use_container_width=True)
  File "/usr/local/lib/python3.9/site-packages/streamlit/elements/plotly_chart.py", line 140, in plotly_chart
    marshall(
  File "/usr/local/lib/python3.9/site-packages/streamlit/elements/plotly_chart.py", line 172, in marshall
    figure = plotly.tools.return_figure_from_figure_or_data(
  File "/usr/local/lib/python3.9/site-packages/plotly/tools.py", line 544, in return_figure_from_figure_or_data
    raise exceptions.PlotlyError(
_plotly_utils.exceptions.PlotlyError: The `figure_or_data` positional argument must be `dict`-like, `list`-like, or an instance of plotly.graph_objs.Figure
2022-09-20 16:29:11,537:showing text_lengths.
2022-09-20 16:29:12,172:Jk jk jk. There was an issue with text_lengths:
2022-09-20 16:29:12,172:There are multiple identical `st.selectbox` widgets with
`key='select_show_length_'`.

To fix this, please make sure that the `key` argument is unique for
each `st.selectbox` you create.
Traceback (most recent call last):
  File "/Users/ezi/Desktop/DMT/data-measurements-tool/app.py", line 277, in show_column
    widget_fn(dstats, column_id)
  File "/Users/ezi/Desktop/DMT/data-measurements-tool/utils/streamlit_utils.py", line 240, in expander_text_lengths
    start_id_show_lengths = st.selectbox(
  File "/usr/local/lib/python3.9/site-packages/streamlit/elements/selectbox.py", line 99, in selectbox
    return self._selectbox(
  File "/usr/local/lib/python3.9/site-packages/streamlit/elements/selectbox.py", line 162, in _selectbox
    widget_state = register_widget(
  File "/usr/local/lib/python3.9/site-packages/streamlit/runtime/state/widgets.py", line 199, in register_widget
    raise DuplicateWidgetID(
streamlit.errors.DuplicateWidgetID: There are multiple identical `st.selectbox` widgets with
`key='select_show_length_'`.

To fix this, please make sure that the `key` argument is unique for
each `st.selectbox` you create.
2022-09-20 16:29:12,175:showing duplicates.
2022-09-20 16:29:12,180:showing npmi.
2022-09-20 16:29:12,397:showing zipf.
2022-09-20 16:55:47,930:/Users/ezi/Desktop/DMT/data-measurements-tool/app.py,  app:339
Using Single Dataset Mode
2022-09-20 16:55:47,961:/Users/ezi/Desktop/DMT/data-measurements-tool/app.py,  app:103
showing header
2022-09-20 16:55:47,961:/Users/ezi/Desktop/DMT/data-measurements-tool/app.py,  app:163
Making new calculations if cache is not there.
2022-09-20 16:56:28,422:/Users/ezi/Desktop/DMT/data-measurements-tool/app.py,  app:213
showing header
2022-09-20 16:56:28,430:/Users/ezi/Desktop/DMT/data-measurements-tool/app.py,  app:216
showing general stats
2022-09-20 17:00:02,270:/Users/ezi/Desktop/DMT/data-measurements-tool/app.py,  app:339
Using Single Dataset Mode
2022-09-20 17:00:02,283:/Users/ezi/Desktop/DMT/data-measurements-tool/app.py,  app:103
showing header
2022-09-20 17:00:02,284:/Users/ezi/Desktop/DMT/data-measurements-tool/app.py,  app:163
Making new calculations if cache is not there.
2022-09-20 17:00:04,672:/Users/ezi/Desktop/DMT/data-measurements-tool/app.py,  app:213
showing header
2022-09-20 17:00:04,676:/Users/ezi/Desktop/DMT/data-measurements-tool/app.py,  app:216
showing general stats
2022-09-20 17:04:29,797:/Users/ezi/Desktop/DMT/data-measurements-tool/app.py,  app:339
Using Single Dataset Mode
2022-09-20 17:04:29,806:/Users/ezi/Desktop/DMT/data-measurements-tool/app.py,  app:103
showing header
2022-09-20 17:04:29,806:/Users/ezi/Desktop/DMT/data-measurements-tool/app.py,  app:163
Making new calculations if cache is not there.
2022-09-20 17:04:32,649:/Users/ezi/Desktop/DMT/data-measurements-tool/app.py,  app:213
showing header
2022-09-20 17:04:32,653:/Users/ezi/Desktop/DMT/data-measurements-tool/app.py,  app:216
showing general stats
2022-09-20 17:20:42,821:/Users/ezi/Desktop/DMT/data-measurements-tool/app.py,  app:339
Using Single Dataset Mode
2022-09-20 17:20:42,839:/Users/ezi/Desktop/DMT/data-measurements-tool/app.py,  app:103
showing header
2022-09-20 17:20:42,839:/Users/ezi/Desktop/DMT/data-measurements-tool/app.py,  app:163
Making new calculations if cache is not there.
2022-09-20 17:20:46,075:/Users/ezi/Desktop/DMT/data-measurements-tool/app.py,  app:213
showing header
2022-09-20 17:20:46,078:/Users/ezi/Desktop/DMT/data-measurements-tool/app.py,  app:216
showing general stats
2022-09-20 17:20:46,693:/Users/ezi/Desktop/DMT/data-measurements-tool/app.py,  app:228
showing npmi widget
2022-09-20 17:20:46,693:/Users/ezi/Desktop/DMT/data-measurements-tool/app.py,  app:232
showing zipf
2022-09-20 17:20:46,719:/Users/ezi/Desktop/DMT/data-measurements-tool/app.py,  app:250
showing general stats
2022-09-20 17:20:46,719:/Users/ezi/Desktop/DMT/data-measurements-tool/app.py,  app:256
showing npmi widget
2022-09-20 17:20:46,719:/Users/ezi/Desktop/DMT/data-measurements-tool/app.py,  app:258
showing zipf
2022-09-20 17:20:46,719:/Users/ezi/Desktop/DMT/data-measurements-tool/app.py,  app:277
showing general stats.
2022-09-20 17:20:46,724:/Users/ezi/Desktop/DMT/data-measurements-tool/app.py,  app:277
showing label distribution.
2022-09-20 17:20:46,724:/Users/ezi/Desktop/DMT/data-measurements-tool/app.py,  app:281
Jk jk jk. There was an issue with label distribution:
2022-09-20 17:20:46,725:/Users/ezi/Desktop/DMT/data-measurements-tool/app.py,  app:282
The `figure_or_data` positional argument must be `dict`-like, `list`-like, or an instance of plotly.graph_objs.Figure
Traceback (most recent call last):
  File "/Users/ezi/Desktop/DMT/data-measurements-tool/app.py", line 279, in show_column
    widget_fn(dstats, column_id)
  File "/Users/ezi/Desktop/DMT/data-measurements-tool/utils/streamlit_utils.py", line 204, in expander_label_distribution
    st.plotly_chart(fig_labels, use_container_width=True)
  File "/usr/local/lib/python3.9/site-packages/streamlit/elements/plotly_chart.py", line 140, in plotly_chart
    marshall(
  File "/usr/local/lib/python3.9/site-packages/streamlit/elements/plotly_chart.py", line 172, in marshall
    figure = plotly.tools.return_figure_from_figure_or_data(
  File "/usr/local/lib/python3.9/site-packages/plotly/tools.py", line 544, in return_figure_from_figure_or_data
    raise exceptions.PlotlyError(
_plotly_utils.exceptions.PlotlyError: The `figure_or_data` positional argument must be `dict`-like, `list`-like, or an instance of plotly.graph_objs.Figure
2022-09-20 17:20:46,731:/Users/ezi/Desktop/DMT/data-measurements-tool/app.py,  app:277
showing text_lengths.
2022-09-20 17:20:47,377:/Users/ezi/Desktop/DMT/data-measurements-tool/app.py,  app:281
Jk jk jk. There was an issue with text_lengths:
2022-09-20 17:20:47,377:/Users/ezi/Desktop/DMT/data-measurements-tool/app.py,  app:282
There are multiple identical `st.selectbox` widgets with
`key='select_show_length_'`.

To fix this, please make sure that the `key` argument is unique for
each `st.selectbox` you create.
Traceback (most recent call last):
  File "/Users/ezi/Desktop/DMT/data-measurements-tool/app.py", line 279, in show_column
    widget_fn(dstats, column_id)
  File "/Users/ezi/Desktop/DMT/data-measurements-tool/utils/streamlit_utils.py", line 244, in expander_text_lengths
    start_id_show_lengths = st.selectbox(
  File "/usr/local/lib/python3.9/site-packages/streamlit/elements/selectbox.py", line 99, in selectbox
    return self._selectbox(
  File "/usr/local/lib/python3.9/site-packages/streamlit/elements/selectbox.py", line 162, in _selectbox
    widget_state = register_widget(
  File "/usr/local/lib/python3.9/site-packages/streamlit/runtime/state/widgets.py", line 199, in register_widget
    raise DuplicateWidgetID(
streamlit.errors.DuplicateWidgetID: There are multiple identical `st.selectbox` widgets with
`key='select_show_length_'`.

To fix this, please make sure that the `key` argument is unique for
each `st.selectbox` you create.
2022-09-20 17:20:47,379:/Users/ezi/Desktop/DMT/data-measurements-tool/app.py,  app:277
showing duplicates.
2022-09-20 17:20:47,384:/Users/ezi/Desktop/DMT/data-measurements-tool/app.py,  app:277
showing npmi.
2022-09-20 17:20:47,384:/Users/ezi/Desktop/DMT/data-measurements-tool/app.py,  app:281
Jk jk jk. There was an issue with npmi:
2022-09-20 17:20:47,384:/Users/ezi/Desktop/DMT/data-measurements-tool/app.py,  app:282
'DatasetStatisticsCacheClass' object has no attribute 'npmi_stats'
Traceback (most recent call last):
  File "/Users/ezi/Desktop/DMT/data-measurements-tool/app.py", line 279, in show_column
    widget_fn(dstats, column_id)
  File "/Users/ezi/Desktop/DMT/data-measurements-tool/utils/streamlit_utils.py", line 525, in npmi_widget
    npmi_stats = dstats.npmi_stats
AttributeError: 'DatasetStatisticsCacheClass' object has no attribute 'npmi_stats'
2022-09-20 17:20:47,385:/Users/ezi/Desktop/DMT/data-measurements-tool/app.py,  app:277
showing zipf.
