2022-08-24 16:36:14,706:Label statistics requested, but no label column name given. Assuming it is 'label'.
2022-09-13 16:18:53,397:Label statistics requested, but no label column name given. Assuming it is 'label'.
2022-09-13 19:14:46,428:Label statistics requested, but no label column name given. Assuming it is 'label'.
2022-09-13 19:16:40,216:Label statistics requested, but no label column name given. Assuming it is 'label'.
2022-09-14 14:50:24,032:Initializing labels.
2022-09-14 14:50:24,033:Trying to load labels.
2022-09-14 14:50:24,731:Loaded cached label figure.
2022-09-14 14:50:24,731:Loaded cached label results.
2022-09-14 14:57:50,914:Initializing labels.
2022-09-14 14:57:50,915:Trying to load labels.
2022-09-14 14:57:50,965:Loaded cached label figure.
2022-09-14 14:57:50,965:Loaded cached label results.
2022-09-15 15:03:11,666:Initializing labels.
2022-09-15 15:03:11,666:Trying to load labels.
2022-09-15 15:03:11,740:Loaded cached label figure.
2022-09-15 15:03:11,740:Loaded cached label results.
2022-09-19 19:43:36,003:Initializing labels.
2022-09-19 19:43:36,004:Trying to load labels.
2022-09-19 19:43:36,524:Initializing labels.
2022-09-19 19:43:36,526:Trying to load labels.
2022-09-19 19:43:36,948:Loaded cached label figure.
2022-09-19 19:43:36,948:Loaded cached label results.
2022-09-19 19:43:36,948:Loaded cached label figure.
2022-09-19 19:43:36,949:Loaded cached label results.
2022-09-19 22:24:11,963:Initializing labels.
2022-09-19 22:24:11,965:Trying to load labels.
2022-09-19 22:24:12,099:Loaded cached label figure.
2022-09-19 22:24:12,099:Loaded cached label results.
2022-09-19 22:24:16,915:Initializing labels.
2022-09-19 22:24:16,916:Trying to load labels.
2022-09-19 22:24:16,942:Loaded cached label figure.
2022-09-19 22:24:16,942:Loaded cached label results.
2022-09-20 12:09:48,931:Initializing labels.
2022-09-20 12:09:48,931:Trying to load labels.
2022-09-20 12:09:49,741:Loaded cached label figure.
2022-09-20 12:09:49,741:Loaded cached label results.
2022-09-20 12:17:21,436:Initializing labels.
2022-09-20 12:17:21,437:Trying to load labels.
2022-09-20 12:17:21,456:Loaded cached label figure.
2022-09-20 12:17:21,456:Loaded cached label results.
2022-09-20 12:23:21,097:Initializing labels.
2022-09-20 12:23:21,098:Trying to load labels.
2022-09-20 12:23:21,117:Loaded cached label figure.
2022-09-20 12:23:21,117:Loaded cached label results.
2022-09-20 12:25:37,265:Initializing labels.
2022-09-20 12:25:37,266:Trying to load labels.
2022-09-20 12:25:37,285:Loaded cached label figure.
2022-09-20 12:25:37,286:Loaded cached label results.
2022-09-20 12:28:53,790:Initializing labels.
2022-09-20 12:28:53,790:Trying to load labels.
2022-09-20 12:28:53,808:Loaded cached label figure.
2022-09-20 12:28:53,808:Loaded cached label results.
2022-09-20 12:31:57,757:Initializing labels.
2022-09-20 12:31:57,758:Trying to load labels.
2022-09-20 12:31:57,776:Loaded cached label figure.
2022-09-20 12:31:57,776:Loaded cached label results.
2022-09-20 12:39:07,484:Initializing labels.
2022-09-20 12:39:07,484:Trying to load labels.
2022-09-20 12:39:07,502:Loaded cached label figure.
2022-09-20 12:39:07,503:Loaded cached label results.
2022-09-20 12:46:36,205:Initializing labels.
2022-09-20 12:46:36,206:Trying to load labels.
2022-09-20 12:46:36,229:Loaded cached label figure.
2022-09-20 12:46:36,229:Loaded cached label results.
2022-09-20 12:48:51,769:Initializing labels.
2022-09-20 12:48:51,770:Trying to load labels.
2022-09-20 12:48:51,790:Loaded cached label figure.
2022-09-20 12:48:51,791:Loaded cached label results.
2022-09-20 12:50:25,817:Initializing labels.
2022-09-20 12:50:25,817:Trying to load labels.
2022-09-20 12:50:25,838:Loaded cached label figure.
2022-09-20 12:50:25,838:Loaded cached label results.
2022-09-20 12:52:40,979:Initializing labels.
2022-09-20 12:52:40,979:Trying to load labels.
2022-09-20 12:52:41,004:Loaded cached label figure.
2022-09-20 12:52:41,004:Loaded cached label results.
2022-09-20 15:14:21,655:Initializing labels.
2022-09-20 15:14:21,660:Trying to load labels.
2022-09-20 15:14:21,661:Preparing labels.
2022-09-20 15:23:47,716:Initializing labels.
2022-09-20 15:23:47,717:Trying to load labels.
2022-09-20 15:23:47,718:Preparing labels.
2022-09-20 16:06:07,884:Initializing labels.
2022-09-20 16:06:07,885:Trying to load labels.
2022-09-20 16:06:08,665:Loaded cached label figure.
2022-09-20 16:06:08,665:Loaded cached label results.
2022-09-20 16:29:10,693:Initializing labels.
2022-09-20 16:29:10,693:Trying to load labels.
2022-09-20 16:29:10,733:Loaded cached label figure.
2022-09-20 16:29:10,734:Loaded cached label results.
2022-09-20 16:55:51,365:/Users/ezi/Desktop/DMT/data-measurements-tool/data_measurements/labels/labels.py,  labels:78
Initializing labels.
2022-09-20 16:55:51,367:/Users/ezi/Desktop/DMT/data-measurements-tool/data_measurements/labels/labels.py,  labels:112
Trying to load labels.
2022-09-20 16:55:52,243:/Users/ezi/Desktop/DMT/data-measurements-tool/data_measurements/labels/labels.py,  labels:115
Loaded cached label figure.
2022-09-20 16:55:52,244:/Users/ezi/Desktop/DMT/data-measurements-tool/data_measurements/labels/labels.py,  labels:117
Loaded cached label results.
2022-09-20 17:00:02,560:/Users/ezi/Desktop/DMT/data-measurements-tool/data_measurements/labels/labels.py,  labels:78
Initializing labels.
2022-09-20 17:00:02,560:/Users/ezi/Desktop/DMT/data-measurements-tool/data_measurements/labels/labels.py,  labels:112
Trying to load labels.
2022-09-20 17:00:02,594:/Users/ezi/Desktop/DMT/data-measurements-tool/data_measurements/labels/labels.py,  labels:115
Loaded cached label figure.
2022-09-20 17:00:02,594:/Users/ezi/Desktop/DMT/data-measurements-tool/data_measurements/labels/labels.py,  labels:117
Loaded cached label results.
2022-09-20 17:04:30,090:/Users/ezi/Desktop/DMT/data-measurements-tool/data_measurements/labels/labels.py,  labels:78
Initializing labels.
2022-09-20 17:04:30,090:/Users/ezi/Desktop/DMT/data-measurements-tool/data_measurements/labels/labels.py,  labels:112
Trying to load labels.
2022-09-20 17:04:30,126:/Users/ezi/Desktop/DMT/data-measurements-tool/data_measurements/labels/labels.py,  labels:115
Loaded cached label figure.
2022-09-20 17:04:30,127:/Users/ezi/Desktop/DMT/data-measurements-tool/data_measurements/labels/labels.py,  labels:117
Loaded cached label results.
2022-09-20 17:20:43,064:/Users/ezi/Desktop/DMT/data-measurements-tool/data_measurements/labels/labels.py,  labels:78
Initializing labels.
2022-09-20 17:20:43,064:/Users/ezi/Desktop/DMT/data-measurements-tool/data_measurements/labels/labels.py,  labels:112
Trying to load labels.
2022-09-20 17:20:43,087:/Users/ezi/Desktop/DMT/data-measurements-tool/data_measurements/labels/labels.py,  labels:115
Loaded cached label figure.
2022-09-20 17:20:43,087:/Users/ezi/Desktop/DMT/data-measurements-tool/data_measurements/labels/labels.py,  labels:117
Loaded cached label results.
