2022-09-14 14:50:24,025:Loaded cached text duplicate results.
2022-09-14 14:50:25,114:Loaded cached text duplicate results.
2022-09-14 14:57:50,909:Loaded cached text duplicate results.
2022-09-14 14:57:51,111:Loaded cached text duplicate results.
2022-09-15 15:03:11,661:Loaded cached text duplicate results.
2022-09-15 15:03:11,908:Loaded cached text duplicate results.
2022-09-19 19:43:35,988:Loaded cached text duplicate results.
2022-09-19 19:43:36,517:Loaded cached text duplicate results.
2022-09-19 19:43:37,232:Loaded cached text duplicate results.
2022-09-19 19:43:37,233:Loaded cached text duplicate results.
2022-09-19 22:24:11,954:Loaded cached text duplicate results.
2022-09-19 22:24:12,279:Loaded cached text duplicate results.
2022-09-19 22:24:16,910:Loaded cached text duplicate results.
2022-09-19 22:24:17,075:Loaded cached text duplicate results.
2022-09-20 12:09:48,916:Loaded cached text duplicate results.
2022-09-20 12:09:49,896:Loaded cached text duplicate results.
2022-09-20 12:17:21,432:Loaded cached text duplicate results.
2022-09-20 12:17:21,595:Loaded cached text duplicate results.
2022-09-20 12:23:21,093:Loaded cached text duplicate results.
2022-09-20 12:23:21,269:Loaded cached text duplicate results.
2022-09-20 12:25:37,262:Loaded cached text duplicate results.
2022-09-20 12:25:37,433:Loaded cached text duplicate results.
2022-09-20 12:28:53,785:Loaded cached text duplicate results.
2022-09-20 12:28:53,963:Loaded cached text duplicate results.
2022-09-20 12:31:57,753:Loaded cached text duplicate results.
2022-09-20 12:31:57,922:Loaded cached text duplicate results.
2022-09-20 12:39:07,479:Loaded cached text duplicate results.
2022-09-20 12:39:07,650:Loaded cached text duplicate results.
2022-09-20 12:46:36,198:Loaded cached text duplicate results.
2022-09-20 12:46:36,375:Loaded cached text duplicate results.
2022-09-20 12:48:51,764:Loaded cached text duplicate results.
2022-09-20 12:48:51,929:Loaded cached text duplicate results.
2022-09-20 12:50:25,812:Loaded cached text duplicate results.
2022-09-20 12:50:25,995:Loaded cached text duplicate results.
2022-09-20 12:52:40,974:Loaded cached text duplicate results.
2022-09-20 12:52:41,181:Loaded cached text duplicate results.
2022-09-20 15:14:17,198:Prepared duplicates.
2022-09-20 15:14:47,287:Prepared duplicates.
2022-09-20 15:23:47,558:Loaded cached text duplicate results.
2022-09-20 15:23:51,800:Loaded cached text duplicate results.
2022-09-20 16:06:07,877:Loaded cached text duplicate results.
2022-09-20 16:06:08,815:Loaded cached text duplicate results.
2022-09-20 16:29:10,689:Loaded cached text duplicate results.
2022-09-20 16:29:10,909:Loaded cached text duplicate results.
2022-09-20 16:55:51,353:/Users/ezi/Desktop/DMT/data-measurements-tool/data_measurements/text_duplicates/text_duplicates.py,  text_duplicates:58
Loaded cached text duplicate results.
2022-09-20 16:55:52,495:/Users/ezi/Desktop/DMT/data-measurements-tool/data_measurements/text_duplicates/text_duplicates.py,  text_duplicates:58
Loaded cached text duplicate results.
2022-09-20 17:00:02,545:/Users/ezi/Desktop/DMT/data-measurements-tool/data_measurements/text_duplicates/text_duplicates.py,  text_duplicates:58
Loaded cached text duplicate results.
2022-09-20 17:00:02,765:/Users/ezi/Desktop/DMT/data-measurements-tool/data_measurements/text_duplicates/text_duplicates.py,  text_duplicates:58
Loaded cached text duplicate results.
2022-09-20 17:04:30,084:/Users/ezi/Desktop/DMT/data-measurements-tool/data_measurements/text_duplicates/text_duplicates.py,  text_duplicates:58
Loaded cached text duplicate results.
2022-09-20 17:04:30,330:/Users/ezi/Desktop/DMT/data-measurements-tool/data_measurements/text_duplicates/text_duplicates.py,  text_duplicates:58
Loaded cached text duplicate results.
2022-09-20 17:20:43,060:/Users/ezi/Desktop/DMT/data-measurements-tool/data_measurements/text_duplicates/text_duplicates.py,  text_duplicates:58
Loaded cached text duplicate results.
2022-09-20 17:20:43,264:/Users/ezi/Desktop/DMT/data-measurements-tool/data_measurements/text_duplicates/text_duplicates.py,  text_duplicates:58
Loaded cached text duplicate results.
2022-09-20 21:21:10,187:/Users/ezi/Desktop/DMT/DMT]/data-measurements-tool/data_measurements/text_duplicates/text_duplicates.py,  text_duplicates:58
Loaded cached text duplicate results.
2022-09-20 21:21:11,253:/Users/ezi/Desktop/DMT/DMT]/data-measurements-tool/data_measurements/text_duplicates/text_duplicates.py,  text_duplicates:58
Loaded cached text duplicate results.
